Mar-06 10:23:45.550 [main] DEBUG nextflow.cli.Launcher - $> nextflow Trimming.nf run
Mar-06 10:23:45.596 [main] INFO  nextflow.cli.CmdRun - N E X T F L O W  ~  version 22.10.7
Mar-06 10:23:45.616 [main] DEBUG nextflow.plugin.PluginsFacade - Setting up plugin manager > mode=prod; embedded=false; plugins-dir=/home/tbr/.nextflow/plugins; core-plugins: nf-amazon@1.11.4,nf-azure@0.14.2,nf-codecommit@0.1.2,nf-console@1.0.4,nf-ga4gh@1.0.4,nf-google@1.4.5,nf-tower@1.5.6,nf-wave@0.5.4
Mar-06 10:23:45.625 [main] INFO  org.pf4j.DefaultPluginStatusProvider - Enabled plugins: []
Mar-06 10:23:45.626 [main] INFO  org.pf4j.DefaultPluginStatusProvider - Disabled plugins: []
Mar-06 10:23:45.629 [main] INFO  org.pf4j.DefaultPluginManager - PF4J version 3.4.1 in 'deployment' mode
Mar-06 10:23:45.637 [main] INFO  org.pf4j.AbstractPluginManager - No plugins
Mar-06 10:23:45.657 [main] DEBUG nextflow.config.ConfigBuilder - Found config local: /home/tbr/Bachelor/nextflow.config
Mar-06 10:23:45.658 [main] DEBUG nextflow.config.ConfigBuilder - Parsing config file: /home/tbr/Bachelor/nextflow.config
Mar-06 10:23:45.676 [main] DEBUG nextflow.config.ConfigBuilder - Applying config profile: `standard`
Mar-06 10:23:46.149 [main] DEBUG nextflow.cli.CmdRun - Applied DSL=2 from script declararion
Mar-06 10:23:46.163 [main] INFO  nextflow.cli.CmdRun - Launching `Trimming.nf` [evil_hilbert] DSL2 - revision: a1e3153b67
Mar-06 10:23:46.164 [main] DEBUG nextflow.plugin.PluginsFacade - Plugins default=[]
Mar-06 10:23:46.164 [main] DEBUG nextflow.plugin.PluginsFacade - Plugins resolved requirement=[]
Mar-06 10:23:46.172 [main] DEBUG nextflow.secret.LocalSecretsProvider - Secrets store: /home/tbr/.nextflow/secrets/store.json
Mar-06 10:23:46.175 [main] DEBUG nextflow.secret.SecretsLoader - Discovered secrets providers: [nextflow.secret.LocalSecretsProvider@546e61d5] - activable => nextflow.secret.LocalSecretsProvider@546e61d5
Mar-06 10:23:46.234 [main] DEBUG nextflow.Session - Session UUID: 6578b764-cb95-4543-8248-f63e084c51bb
Mar-06 10:23:46.234 [main] DEBUG nextflow.Session - Run name: evil_hilbert
Mar-06 10:23:46.234 [main] DEBUG nextflow.Session - Executor pool size: 8
Mar-06 10:23:46.244 [main] DEBUG nextflow.util.ThreadPoolBuilder - Creating thread pool 'FileTransfer' minSize=10; maxSize=24; workQueue=LinkedBlockingQueue[10000]; allowCoreThreadTimeout=false
Mar-06 10:23:46.267 [main] DEBUG nextflow.cli.CmdRun - 
  Version: 22.10.7 build 5853
  Created: 18-02-2023 20:32 UTC (21:32 CEST)
  System: Linux 5.19.0-35-generic
  Runtime: Groovy 3.0.13 on OpenJDK 64-Bit Server VM 11.0.18+10-post-Ubuntu-0ubuntu122.04
  Encoding: UTF-8 (UTF-8)
  Process: 10095@tbr-ThinkPad-L13-Yoga [127.0.1.1]
  CPUs: 8 - Mem: 15.2 GB (8.9 GB) - Swap: 4.2 GB (4.2 GB)
Mar-06 10:23:46.295 [main] DEBUG nextflow.Session - Work-dir: /home/tbr/Bachelor/work [ext2/ext3]
Mar-06 10:23:46.296 [main] DEBUG nextflow.Session - Script base path does not exist or is not a directory: /home/tbr/Bachelor/bin
Mar-06 10:23:46.304 [main] DEBUG nextflow.executor.ExecutorFactory - Extension executors providers=[]
Mar-06 10:23:46.317 [main] DEBUG nextflow.Session - Observer factory: DefaultObserverFactory
Mar-06 10:23:46.335 [main] DEBUG nextflow.cache.CacheFactory - Using Nextflow cache factory: nextflow.cache.DefaultCacheFactory
Mar-06 10:23:46.344 [main] DEBUG nextflow.util.CustomThreadPool - Creating default thread pool > poolSize: 9; maxThreads: 1000
Mar-06 10:23:46.405 [main] DEBUG nextflow.Session - Session start
Mar-06 10:23:46.924 [main] DEBUG nextflow.script.ScriptRunner - > Launching execution
Mar-06 10:23:47.106 [main] DEBUG nextflow.executor.ExecutorFactory - << taskConfig executor: null
Mar-06 10:23:47.106 [main] DEBUG nextflow.executor.ExecutorFactory - >> processorType: 'local'
Mar-06 10:23:47.113 [main] DEBUG nextflow.executor.Executor - [warm up] executor > local
Mar-06 10:23:47.118 [main] DEBUG n.processor.LocalPollingMonitor - Creating local task monitor for executor 'local' > cpus=8; memory=15.2 GB; capacity=8; pollInterval=100ms; dumpInterval=5m
Mar-06 10:23:47.184 [main] DEBUG nextflow.executor.ExecutorFactory - << taskConfig executor: null
Mar-06 10:23:47.184 [main] DEBUG nextflow.executor.ExecutorFactory - >> processorType: 'local'
Mar-06 10:23:47.190 [main] DEBUG nextflow.executor.ExecutorFactory - << taskConfig executor: null
Mar-06 10:23:47.190 [main] DEBUG nextflow.executor.ExecutorFactory - >> processorType: 'local'
Mar-06 10:23:47.193 [main] DEBUG nextflow.Session - Workflow process names [dsl2]: TRIM, KRAKEN, TAXREMOVE
Mar-06 10:23:47.193 [main] DEBUG nextflow.Session - Igniting dataflow network (5)
Mar-06 10:23:47.198 [PathVisitor-1] DEBUG nextflow.file.PathVisitor - files for syntax: glob; folder: ./; pattern: *_{1,2}.fastq; options: [checkIfExists:true]
Mar-06 10:23:47.200 [main] DEBUG nextflow.processor.TaskProcessor - Starting process > TRIM
Mar-06 10:23:47.201 [main] DEBUG nextflow.processor.TaskProcessor - Starting process > KRAKEN
Mar-06 10:23:47.201 [main] DEBUG nextflow.processor.TaskProcessor - Starting process > TAXREMOVE
Mar-06 10:23:47.202 [main] DEBUG nextflow.script.ScriptRunner - > Awaiting termination 
Mar-06 10:23:47.202 [main] DEBUG nextflow.Session - Session await
Mar-06 10:23:47.294 [Actor Thread 7] INFO  nextflow.conda.CondaCache - Creating env using conda: AdapterRemoval agbiome::bbtools [cache /home/tbr/Bachelor/work/conda/env-ecb98d9e59de7c26e6343cc4f55f9ed3]
Mar-06 10:24:10.694 [Actor Thread 7] DEBUG nextflow.conda.CondaCache - 'conda' create complete env=AdapterRemoval agbiome::bbtools path=/home/tbr/Bachelor/work/conda/env-ecb98d9e59de7c26e6343cc4f55f9ed3
Mar-06 10:24:10.763 [Task submitter] DEBUG n.executor.local.LocalTaskHandler - Launch cmd line: /bin/bash -ue .command.run
Mar-06 10:24:10.765 [Task submitter] INFO  nextflow.Session - [8f/e52003] Submitted process > TRIM (1)
Mar-06 10:24:14.765 [Task monitor] DEBUG n.processor.TaskPollingMonitor - Task completed > TaskHandler[id: 1; name: TRIM (1); status: COMPLETED; exit: 0; error: -; workDir: /home/tbr/Bachelor/work/8f/e52003a0530c5b9a2ff7e9520cb1bc]
Mar-06 10:24:14.780 [Actor Thread 8] INFO  nextflow.conda.CondaCache - Creating env using conda: kraken2 [cache /home/tbr/Bachelor/work/conda/env-4fbb5811921265594c50d239bb7147a3]
Mar-06 10:24:14.792 [Task monitor] DEBUG nextflow.util.ThreadPoolBuilder - Creating thread pool 'PublishDir' minSize=10; maxSize=24; workQueue=LinkedBlockingQueue[10000]; allowCoreThreadTimeout=false
Mar-06 10:24:31.062 [Actor Thread 8] DEBUG nextflow.conda.CondaCache - 'conda' create complete env=kraken2 path=/home/tbr/Bachelor/work/conda/env-4fbb5811921265594c50d239bb7147a3
Mar-06 10:24:31.069 [Task submitter] DEBUG n.executor.local.LocalTaskHandler - Launch cmd line: /bin/bash -ue .command.run
Mar-06 10:24:31.069 [Task submitter] INFO  nextflow.Session - [35/c06692] Submitted process > KRAKEN (1)
Mar-06 10:24:48.188 [Task monitor] DEBUG n.processor.TaskPollingMonitor - Task completed > TaskHandler[id: 2; name: KRAKEN (1); status: COMPLETED; exit: 0; error: -; workDir: /home/tbr/Bachelor/work/35/c066925161503abb8b15a7d805b82b]
Mar-06 10:24:48.200 [Task submitter] DEBUG n.executor.local.LocalTaskHandler - Launch cmd line: /bin/bash -ue .command.run
Mar-06 10:24:48.200 [Task submitter] INFO  nextflow.Session - [c9/48907a] Submitted process > TAXREMOVE (1)
Mar-06 10:24:48.931 [Task monitor] DEBUG n.processor.TaskPollingMonitor - Task completed > TaskHandler[id: 3; name: TAXREMOVE (1); status: COMPLETED; exit: 0; error: -; workDir: /home/tbr/Bachelor/work/c9/48907ad2bc7120a33f29fc40f6b0d1]
Mar-06 10:24:48.934 [main] DEBUG nextflow.Session - Session await > all processes finished
Mar-06 10:24:48.935 [main] DEBUG nextflow.Session - Session await > all barriers passed
Mar-06 10:24:48.959 [main] DEBUG nextflow.util.ThreadPoolManager - Thread pool 'PublishDir' shutdown completed (hard=false)
Mar-06 10:24:48.963 [main] DEBUG nextflow.trace.WorkflowStatsObserver - Workflow completed > WorkflowStats[succeededCount=3; failedCount=0; ignoredCount=0; cachedCount=0; pendingCount=0; submittedCount=0; runningCount=0; retriesCount=0; abortedCount=0; succeedDuration=1m 27s; failedDuration=0ms; cachedDuration=0ms;loadCpus=0; loadMemory=0; peakRunning=1; peakCpus=4; peakMemory=0; ]
Mar-06 10:24:49.102 [main] DEBUG nextflow.cache.CacheDB - Closing CacheDB done
Mar-06 10:24:49.116 [main] DEBUG nextflow.util.ThreadPoolManager - Thread pool 'FileTransfer' shutdown completed (hard=false)
Mar-06 10:24:49.116 [main] DEBUG nextflow.script.ScriptRunner - > Execution complete -- Goodbye
